<?xml version="1.0" encoding="UTF-8"?>
<testsuite name="evidata.core.service.InvestigationServiceTest" time="0.022" tests="5" errors="0" skipped="0" failures="0">
  <properties>
[...]
</properties>
  <testcase name="testGetInvestigationsByExpertiseId" classname="evidata.core.service.InvestigationServiceTest" time="0.022"/>
  <testcase name="testGetInvestigationsByExpertiseIdEmpty" classname="evidata.core.service.InvestigationServiceTest" time="0"/>
  <testcase name="testFindInvestigationNull" classname="evidata.core.service.InvestigationServiceTest" time="0"/>
  <testcase name="testFindInvestigation" classname="evidata.core.service.InvestigationServiceTest" time="0"/>
  <testcase name="testFindInvestigationEmpty" classname="evidata.core.service.InvestigationServiceTest" time="0"/>
</testsuite>